#
# There is insufficient memory for the Java Runtime Environment to continue.
# Native memory allocation (mmap) failed to map 266338304 bytes. Error detail: G1 virtual space
# Possible reasons:
#   The system is out of physical RAM or swap space
#   This process is running with CompressedOops enabled, and the Java Heap may be blocking the growth of the native heap
# Possible solutions:
#   Reduce memory load on the system
#   Increase physical memory or swap space
#   Check if swap backing store is full
#   Decrease Java heap size (-Xmx/-Xms)
#   Decrease number of Java threads
#   Decrease Java thread stack sizes (-Xss)
#   Set larger code cache with -XX:ReservedCodeCacheSize=
#   JVM is running with Zero Based Compressed Oops mode in which the Java heap is
#     placed in the first 32GB address space. The Java Heap base address is the
#     maximum limit for the native heap growth. Please use -XX:HeapBaseMinAddress
#     to set the Java Heap base and to place the Java Heap above 32GB virtual address.
# This output file may be truncated or incomplete.
#
#  Out of Memory Error (os_windows.cpp:3825), pid=12376, tid=24940
#
# JRE version:  (17.0.12+1) (build )
# Java VM: OpenJDK 64-Bit Server VM (17.0.12+1-b1087.25, mixed mode, sharing, tiered, compressed oops, compressed class ptrs, g1 gc, windows-amd64)
# No core dump will be written. Minidumps are not enabled by default on client versions of Windows
#

---------------  S U M M A R Y ------------

Command Line: -Dfile.encoding=GBK E:\ASU\DevEco Studio\sdk\default\openharmony\toolchains\lib\app_packing_tool.jar --mode hap --force true --lib-path E:\Packge\HMcode\Maroesl_241216\entry\build\default\intermediates\stripped_native_libs\default --json-path E:\Packge\HMcode\Maroesl_241216\entry\build\default\intermediates\package\default\module.json --resources-path E:\Packge\HMcode\Maroesl_241216\entry\build\default\intermediates\res\default\resources --index-path E:\Packge\HMcode\Maroesl_241216\entry\build\default\intermediates\res\default\resources.index --pack-info-path E:\Packge\HMcode\Maroesl_241216\entry\build\default\outputs\default\pack.info --out-path E:\Packge\HMcode\Maroesl_241216\entry\build\default\outputs\default\entry-default-unsigned.hap --ets-path E:\Packge\HMcode\Maroesl_241216\entry\build\default\intermediates\loader_out\default\ets --pkg-context-path E:\Packge\HMcode\Maroesl_241216\entry\build\default\intermediates\loader\default\pkgContextInfo.json

Host: 12th Gen Intel(R) Core(TM) i7-12700H, 20 cores, 15G,  Windows 11 , 64 bit Build 22621 (10.0.22621.4391)
Time: Mon Dec 16 19:46:31 2024  Windows 11 , 64 bit Build 22621 (10.0.22621.4391) elapsed time: 0.018168 seconds (0d 0h 0m 0s)

---------------  T H R E A D  ---------------

Current thread (0x000001f3e2684760):  JavaThread "Unknown thread" [_thread_in_vm, id=24940, stack(0x000000c5a2500000,0x000000c5a2600000)]

Stack: [0x000000c5a2500000,0x000000c5a2600000]
Native frames: (J=compiled Java code, j=interpreted, Vv=VM code, C=native code)
V  [jvm.dll+0x688dd9]
V  [jvm.dll+0x842eaa]
V  [jvm.dll+0x844aee]
V  [jvm.dll+0x845153]
V  [jvm.dll+0x24ba3f]
V  [jvm.dll+0x685ba9]
V  [jvm.dll+0x67a45a]
V  [jvm.dll+0x30c60b]
V  [jvm.dll+0x313ab6]
V  [jvm.dll+0x363c6e]
V  [jvm.dll+0x363e9f]
V  [jvm.dll+0x2e2658]
V  [jvm.dll+0x2e3594]
V  [jvm.dll+0x813b31]
V  [jvm.dll+0x3719c1]
V  [jvm.dll+0x7f2626]
V  [jvm.dll+0x3f563f]
V  [jvm.dll+0x3f7191]
C  [jli.dll+0x528f]
C  [ucrtbase.dll+0x29333]
C  [KERNEL32.DLL+0x1259d]
C  [ntdll.dll+0x5af38]


---------------  P R O C E S S  ---------------

Threads class SMR info:
_java_thread_list=0x00007ff991d20f58, length=0, elements={
}

Java Threads: ( => current thread )

Other Threads:
  0x000001f3e26ef9d0 GCTaskThread "GC Thread#0" [stack: 0x000000c5a2600000,0x000000c5a2700000] [id=26228]
  0x000001f3e27023f0 ConcurrentGCThread "G1 Main Marker" [stack: 0x000000c5a2700000,0x000000c5a2800000] [id=25396]
  0x000001f3e2702cb0 ConcurrentGCThread "G1 Conc#0" [stack: 0x000000c5a2800000,0x000000c5a2900000] [id=27576]

[error occurred during error reporting (printing all threads), id 0xc0000005, EXCEPTION_ACCESS_VIOLATION (0xc0000005) at pc=0x00007ff9914d31c7]

VM state: not at safepoint (not fully initialized)

VM Mutex/Monitor currently owned by a thread:  ([mutex/lock_event])
[0x000001f3e2681ea0] Heap_lock - owner thread: 0x000001f3e2684760

Heap address: 0x0000000703e00000, size: 4034 MB, Compressed Oops mode: Zero based, Oop shift amount: 3

CDS archive(s) mapped at: [0x0000000000000000-0x0000000000000000-0x0000000000000000), size 0, SharedBaseAddress: 0x0000000800000000, ArchiveRelocationMode: 1.
Narrow klass base: 0x0000000000000000, Narrow klass shift: 0, Narrow klass range: 0x0

GC Precious Log:
<Empty>

Heap:
 garbage-first heap   total 0K, used 0K [0x0000000703e00000, 0x0000000800000000)
  region size 2048K, 0 young (0K), 0 survivors (0K)
 Metaspace       used 0K, committed 0K, reserved 0K
  class space    used 0K, committed 0K, reserved 0K

Heap Regions: E=young(eden), S=young(survivor), O=old, HS=humongous(starts), HC=humongous(continues), CS=collection set, F=free, OA=open archive, CA=closed archive, TAMS=top-at-mark-start (previous, next)

Card table byte_map: [0x000001f3f60a0000,0x000001f3f6890000] _byte_map_base: 0x000001f3f2881000

Marking Bits (Prev, Next): (CMBitMap*) 0x000001f3e26efe90, (CMBitMap*) 0x000001f3e26efed0
 Prev Bits: [0x000001f3f7080000, 0x000001f3faf88000)
 Next Bits: [0x000001f3faf90000, 0x000001f3fee98000)

GC Heap History (0 events):
No events

Dll operation events (1 events):
Event: 0.011 Loaded shared library E:\ASU\DevEco Studio\jbr\bin\java.dll

Deoptimization events (0 events):
No events

Classes unloaded (0 events):
No events

Classes redefined (0 events):
No events

Internal exceptions (0 events):
No events

VM Operations (0 events):
No events

Events (0 events):
No events


Dynamic libraries:
0x00007ff608bf0000 - 0x00007ff608bfa000 	E:\ASU\DevEco Studio\jbr\bin\java.exe
0x00007ffa6f430000 - 0x00007ffa6f647000 	C:\WINDOWS\SYSTEM32\ntdll.dll
0x00007ffa6e8d0000 - 0x00007ffa6e994000 	C:\WINDOWS\System32\KERNEL32.DLL
0x00007ffa6c700000 - 0x00007ffa6caba000 	C:\WINDOWS\System32\KERNELBASE.dll
0x00007ffa6cfe0000 - 0x00007ffa6d0f1000 	C:\WINDOWS\System32\ucrtbase.dll
0x00007ffa61c40000 - 0x00007ffa61c57000 	E:\ASU\DevEco Studio\jbr\bin\jli.dll
0x00007ffa63db0000 - 0x00007ffa63dcb000 	E:\ASU\DevEco Studio\jbr\bin\VCRUNTIME140.dll
0x00007ffa6eb50000 - 0x00007ffa6ecfe000 	C:\WINDOWS\System32\USER32.dll
0x00007ffa6d100000 - 0x00007ffa6d126000 	C:\WINDOWS\System32\win32u.dll
0x00007ffa5d3e0000 - 0x00007ffa5d672000 	C:\WINDOWS\WinSxS\amd64_microsoft.windows.common-controls_6595b64144ccf1df_6.0.22621.4541_none_2710d1c57384c085\COMCTL32.dll
0x00007ffa6e9a0000 - 0x00007ffa6e9c9000 	C:\WINDOWS\System32\GDI32.dll
0x00007ffa6d800000 - 0x00007ffa6d8a7000 	C:\WINDOWS\System32\msvcrt.dll
0x00007ffa6ce40000 - 0x00007ffa6cf5b000 	C:\WINDOWS\System32\gdi32full.dll
0x00007ffa6cd20000 - 0x00007ffa6cdba000 	C:\WINDOWS\System32\msvcp_win.dll
0x00007ffa6ef90000 - 0x00007ffa6efc1000 	C:\WINDOWS\System32\IMM32.DLL
0x00007ffa67fb0000 - 0x00007ffa67fbc000 	E:\ASU\DevEco Studio\jbr\bin\vcruntime140_1.dll
0x00007ffa3b5b0000 - 0x00007ffa3b63d000 	E:\ASU\DevEco Studio\jbr\bin\msvcp140.dll
0x00007ff9911e0000 - 0x00007ff991e65000 	E:\ASU\DevEco Studio\jbr\bin\server\jvm.dll
0x00007ffa6ea40000 - 0x00007ffa6eaf2000 	C:\WINDOWS\System32\ADVAPI32.dll
0x00007ffa6e270000 - 0x00007ffa6e317000 	C:\WINDOWS\System32\sechost.dll
0x00007ffa6cc30000 - 0x00007ffa6cc58000 	C:\WINDOWS\System32\bcrypt.dll
0x00007ffa6d1b0000 - 0x00007ffa6d2c4000 	C:\WINDOWS\System32\RPCRT4.dll
0x00007ffa6bc80000 - 0x00007ffa6bccd000 	C:\WINDOWS\SYSTEM32\POWRPROF.dll
0x00007ffa623c0000 - 0x00007ffa623ca000 	C:\WINDOWS\SYSTEM32\VERSION.dll
0x00007ffa5def0000 - 0x00007ffa5def9000 	C:\WINDOWS\SYSTEM32\WSOCK32.dll
0x00007ffa64e00000 - 0x00007ffa64e34000 	C:\WINDOWS\SYSTEM32\WINMM.dll
0x00007ffa6d130000 - 0x00007ffa6d1a1000 	C:\WINDOWS\System32\WS2_32.dll
0x00007ffa6bc60000 - 0x00007ffa6bc73000 	C:\WINDOWS\SYSTEM32\UMPDC.dll
0x00007ffa6b700000 - 0x00007ffa6b718000 	C:\WINDOWS\SYSTEM32\kernel.appcore.dll
0x00007ffa65dc0000 - 0x00007ffa65dca000 	E:\ASU\DevEco Studio\jbr\bin\jimage.dll
0x00007ffa6a0c0000 - 0x00007ffa6a2f2000 	C:\WINDOWS\SYSTEM32\DBGHELP.DLL
0x00007ffa6d460000 - 0x00007ffa6d7ef000 	C:\WINDOWS\System32\combase.dll
0x00007ffa6d8b0000 - 0x00007ffa6d987000 	C:\WINDOWS\System32\OLEAUT32.dll
0x00007ffa62020000 - 0x00007ffa62052000 	C:\WINDOWS\SYSTEM32\dbgcore.DLL
0x00007ffa6cdc0000 - 0x00007ffa6ce3b000 	C:\WINDOWS\System32\bcryptPrimitives.dll
0x00007ffa590f0000 - 0x00007ffa59115000 	E:\ASU\DevEco Studio\jbr\bin\java.dll

dbghelp: loaded successfully - version: 4.0.5 - missing functions: none
symbol engine: initialized successfully - sym options: 0x614 - pdb path: .;E:\ASU\DevEco Studio\jbr\bin;C:\WINDOWS\SYSTEM32;C:\WINDOWS\WinSxS\amd64_microsoft.windows.common-controls_6595b64144ccf1df_6.0.22621.4541_none_2710d1c57384c085;E:\ASU\DevEco Studio\jbr\bin\server

VM Arguments:
jvm_args: -Dfile.encoding=GBK 
java_command: E:\ASU\DevEco Studio\sdk\default\openharmony\toolchains\lib\app_packing_tool.jar --mode hap --force true --lib-path E:\Packge\HMcode\Maroesl_241216\entry\build\default\intermediates\stripped_native_libs\default --json-path E:\Packge\HMcode\Maroesl_241216\entry\build\default\intermediates\package\default\module.json --resources-path E:\Packge\HMcode\Maroesl_241216\entry\build\default\intermediates\res\default\resources --index-path E:\Packge\HMcode\Maroesl_241216\entry\build\default\intermediates\res\default\resources.index --pack-info-path E:\Packge\HMcode\Maroesl_241216\entry\build\default\outputs\default\pack.info --out-path E:\Packge\HMcode\Maroesl_241216\entry\build\default\outputs\default\entry-default-unsigned.hap --ets-path E:\Packge\HMcode\Maroesl_241216\entry\build\default\intermediates\loader_out\default\ets --pkg-context-path E:\Packge\HMcode\Maroesl_241216\entry\build\default\intermediates\loader\default\pkgContextInfo.json
java_class_path (initial): E:\ASU\DevEco Studio\sdk\default\openharmony\toolchains\lib\app_packing_tool.jar
Launcher Type: SUN_STANDARD

[Global flags]
     intx CICompilerCount                          = 12                                        {product} {ergonomic}
     uint ConcGCThreads                            = 4                                         {product} {ergonomic}
     uint G1ConcRefinementThreads                  = 15                                        {product} {ergonomic}
   size_t G1HeapRegionSize                         = 2097152                                   {product} {ergonomic}
    uintx GCDrainStackTargetSize                   = 64                                        {product} {ergonomic}
   size_t InitialHeapSize                          = 266338304                                 {product} {ergonomic}
   size_t MarkStackSize                            = 4194304                                   {product} {ergonomic}
   size_t MaxHeapSize                              = 4229955584                                {product} {ergonomic}
   size_t MinHeapDeltaBytes                        = 2097152                                   {product} {ergonomic}
   size_t MinHeapSize                              = 8388608                                   {product} {ergonomic}
    uintx NonNMethodCodeHeapSize                   = 7602480                                {pd product} {ergonomic}
    uintx NonProfiledCodeHeapSize                  = 122027880                              {pd product} {ergonomic}
    uintx ProfiledCodeHeapSize                     = 122027880                              {pd product} {ergonomic}
    uintx ReservedCodeCacheSize                    = 251658240                              {pd product} {ergonomic}
     bool SegmentedCodeCache                       = true                                      {product} {ergonomic}
   size_t SoftMaxHeapSize                          = 4229955584                             {manageable} {ergonomic}
     bool UseCompressedClassPointers               = true                           {product lp64_product} {ergonomic}
     bool UseCompressedOops                        = true                           {product lp64_product} {ergonomic}
     bool UseG1GC                                  = true                                      {product} {ergonomic}
     bool UseLargePagesIndividualAllocation        = false                                  {pd product} {ergonomic}

Logging:
Log output configuration:
 #0: stdout all=warning uptime,level,tags
 #1: stderr all=off uptime,level,tags

Environment Variables:
JAVA_HOME=E:\ASU\DevEco Studio\jbr
CLASSPATH=.;D:\WORK___\jdkkk\jdkkkkkk\lib\dt.jar;D:\WORK___\jdkkk\jdkkkkkk\lib\tools.jar;
PATH=E:\ASU\DevEco Studio\jbr\bin;E:/ASU/DevEco Studio/tools/node;C:\Program Files (x86)\Common Files\Oracle\Java\java8path;C:\Program Files (x86)\Common Files\Oracle\Java\javapath;C:\WINDOWS\system32;C:\WINDOWS;C:\WINDOWS\System32\Wbem;C:\WINDOWS\System32\WindowsPowerShell\v1.0\;C:\WINDOWS\System32\OpenSSH\;"D:\WORK___\jdkkk\jdkkkkkk\bin;";"D:\WORK___\jdkkk\jdkkkkkk\jre\bin;D:\WORK___\vue\nodes\";%NODE_PATH%;D:\WORK___\微信web开发者工具\dll;C:\Pro;ram Files\NVIDIA Corporation\NVIDIA app\NvDLISR;C:\Program Files\nodejs\;C:\Program Files\Git\cmd;C:\Program Files\dotnet\;E:\work\python\JKCODE\Scripts\;E:\work\python\JKCODE\;C:\Users\MR\AppData\Local\Programs\Python\Launcher\;C:\Users\MR\AppData\Local\Microsoft\WindowsApps;D:\Programs\Microsoft VS Code\bin;D:\Program Files\JetBrains\IntelliJ IDEA 2023.3.2\bin;;D:\WORK___\vue\nodes;;E:\work\python\PyCharm 2024.1.3\bin;;E:\ASU\DevEco Studio\bin;;C:\Users\MR\AppData\Roaming\npm;E:\ASU\DevEco Studio\tools\node;E:\ASU\DevEco Studio\jbr\bin;C:\Program Files (x86)\Common Files\Oracle\Java\java8path;C:\Program Files (x86)\Common Files\Oracle\Java\javapath;C:\WINDOWS\system32;C:\WINDOWS;C:\WINDOWS\System32\Wbem;C:\WINDOWS\System32\WindowsPowerShell\v1.0\;C:\WINDOWS\System32\OpenSSH\;"D:\WORK___\jdkkk\jdkkkkkk\bin;";"D:\WORK___\jdkkk\jdkkkkkk\jre\bin;D:\WORK___\vue\nodes\";%NODE_PATH%;D:\WORK___\微信web开发者工具\dll;C:\Pro;ram Files\NVIDIA Corporation\NVIDIA app\NvDLISR;C:\Program Files\nodejs\;C:\Program Files\Git\cmd;C:\Program Files\dotnet\;E:\work\python\JKCODE\Scripts\;E:\work\python\JKCODE\;C:\Users\MR\AppData\Local\Programs\Python\Launcher\;C:\Users\MR\AppData\Local\Microsoft\WindowsApps;D:\Programs\Microsoft VS Code\bin;D:\Program Files\JetBrains\IntelliJ IDEA 2023.3.2\bin;;D:\WORK___\vue\nodes;;E:\work\python\PyCharm 2024.1.3\bin;;E:\ASU\DevEco Studio\bin;;C:\Users\MR\AppData\Roaming\npm
USERNAME=MR
OS=Windows_NT
PROCESSOR_IDENTIFIER=Intel64 Family 6 Model 154 Stepping 3, GenuineIntel
TMP=C:\Users\MR\AppData\Local\Temp
TEMP=C:\Users\MR\AppData\Local\Temp



Periodic native trim disabled

JNI global refs:
JNI global refs: 0, weak refs: 0

JNI global refs memory usage: 0, weak refs: 0

OOME stack traces (most recent first):
Classloader memory used:


---------------  S Y S T E M  ---------------

OS:
 Windows 11 , 64 bit Build 22621 (10.0.22621.4391)
OS uptime: 0 days 15:05 hours
Hyper-V role detected

CPU: total 20 (initial active 20) (10 cores per cpu, 2 threads per core) family 6 model 154 stepping 3 microcode 0x414, cx8, cmov, fxsr, ht, mmx, 3dnowpref, sse, sse2, sse3, ssse3, sse4.1, sse4.2, popcnt, lzcnt, tsc, tscinvbit, avx, avx2, aes, erms, clmul, bmi1, bmi2, adx, sha, fma, vzeroupper, clflush, clflushopt, clwb, hv
Processor Information for processor 0
  Max Mhz: 2300, Current Mhz: 2300, Mhz Limit: 2300
Processor Information for processor 1
  Max Mhz: 2300, Current Mhz: 2300, Mhz Limit: 2300
Processor Information for processor 2
  Max Mhz: 2300, Current Mhz: 2300, Mhz Limit: 2300
Processor Information for processor 3
  Max Mhz: 2300, Current Mhz: 2300, Mhz Limit: 2300
Processor Information for processor 4
  Max Mhz: 2300, Current Mhz: 2300, Mhz Limit: 2300
Processor Information for processor 5
  Max Mhz: 2300, Current Mhz: 2300, Mhz Limit: 2300
Processor Information for processor 6
  Max Mhz: 2300, Current Mhz: 2300, Mhz Limit: 2300
Processor Information for processor 7
  Max Mhz: 2300, Current Mhz: 2300, Mhz Limit: 2300
Processor Information for processor 8
  Max Mhz: 2300, Current Mhz: 2300, Mhz Limit: 2300
Processor Information for processor 9
  Max Mhz: 2300, Current Mhz: 2300, Mhz Limit: 2300
Processor Information for processor 10
  Max Mhz: 2300, Current Mhz: 2300, Mhz Limit: 2300
Processor Information for processor 11
  Max Mhz: 2300, Current Mhz: 2300, Mhz Limit: 2300
Processor Information for processor 12
  Max Mhz: 2300, Current Mhz: 1500, Mhz Limit: 1679
Processor Information for processor 13
  Max Mhz: 2300, Current Mhz: 1700, Mhz Limit: 1679
Processor Information for processor 14
  Max Mhz: 2300, Current Mhz: 1700, Mhz Limit: 1679
Processor Information for processor 15
  Max Mhz: 2300, Current Mhz: 1500, Mhz Limit: 1679
Processor Information for processor 16
  Max Mhz: 2300, Current Mhz: 1700, Mhz Limit: 1679
Processor Information for processor 17
  Max Mhz: 2300, Current Mhz: 1700, Mhz Limit: 1679
Processor Information for processor 18
  Max Mhz: 2300, Current Mhz: 1700, Mhz Limit: 1679
Processor Information for processor 19
  Max Mhz: 2300, Current Mhz: 1500, Mhz Limit: 1679

Memory: 4k page, system-wide physical 16128M (796M free)
TotalPageFile size 28777M (AvailPageFile size 113M)
current process WorkingSet (physical memory assigned to process): 12M, peak: 12M
current process commit charge ("private bytes"): 75M, peak: 329M

vm_info: OpenJDK 64-Bit Server VM (17.0.12+1-b1087.25) for windows-amd64 JRE (17.0.12+1-b1087.25), built on 2024-08-30 by "builduser" with MS VC++ 16.10 / 16.11 (VS2019)

END.
